
1573.046
{'attr': 1128, 'vital': 1068, 'dh': 829, 'crit': 587, 'det': 655, 'sks': 517, 'tncpt': 364, 'Elemental': 4342, 'haste': 12}
weapon : {'BRD': [112, 111, 0, 0, 0, 0, 0, 348, 0]}
head : {'시력': [65, 65, 0, 0, 0, 0, 0, 0, 3, 0, 0, 0, 0, 0]}
body : {'기린': [108, 107, 77, 110, 0, 0, 0, 131, 3, 16, 16, 16, 16, 16]}
hands : {'+2': [68, 67, 69, 60, 0, 0, 0, 87, 0, 0, 0, 0, 0, 0]}
legs : {'+2': [108, 107, 110, 0, 95, 0, 0, 131, 0, 0, 0, 0, 0, 0]}
feet : {'+2': [68, 67, 69, 0, 0, 60, 0, 87, 0, 0, 0, 0, 0, 0]}
earrings : {'캐시': [54, 44, 0, 0, 0, 0, 0, 0, 3, 0, 0, 0, 0, 0]}
necklace : {'직의': [54, 53, 55, 0, 55, 0, 0, 0, 0, 0, 0, 0, 0, 0]}
bracelets : {'제왕비취': [51, 51, 0, 0, 53, 37, 0, 0, 0, 16, 16, 8, 8, 8]}
ring1 : {'전격': [54, 53, 0, 0, 0, 0, 0, 0, 3, 0, 0, 0, 0, 0]}
ring2 : {'제왕비취': [51, 51, 37, 53, 0, 0, 0, 0, 0, 16, 16, 8, 8, 8]}
{'dh': 3, 'crit': 0, 'det': 4, 'sks': 2}
{'dh': 0, 'crit': 0, 'det': 3, 'sks': 3}

1614.691
{'attr': 1128, 'vital': 1068, 'dh': 927, 'crit': 665, 'det': 840, 'sks': 572, 'tncpt': 364, 'Elemental': 4342, 'haste': 9}
weapon : {'BRD': [112, 111, 114, 78, 114, 0, 0, 348, 0]}
head : {'시력': [65, 65, 0, 0, 0, 0, 0, 0, 3, 0, 0, 0, 0, 0]}
body : {'기린': [108, 107, 77, 110, 0, 0, 0, 131, 3, 16, 16, 16, 16, 16]}
hands : {'+2': [68, 67, 69, 60, 0, 0, 0, 87, 0, 0, 0, 0, 0, 0]}
legs : {'+2': [108, 107, 110, 0, 95, 0, 0, 131, 0, 0, 0, 0, 0, 0]}
feet : {'+2': [68, 67, 69, 0, 0, 60, 0, 87, 0, 0, 0, 0, 0, 0]}
earrings : {'캐시': [54, 44, 0, 0, 0, 0, 0, 0, 3, 0, 0, 0, 0, 0]}
ring1 : {'의시': [54, 53, 0, 0, 55, 55, 0, 0, 0, 0, 0, 0, 0, 0]}
bracelets : {'제왕비취': [51, 51, 0, 0, 53, 37, 0, 0, 0, 16, 16, 8, 8, 8]}
necklace : {'직의': [54, 53, 55, 0, 55, 0, 0, 0, 0, 0, 0, 0, 0, 0]}
ring2 : {'제왕비취': [51, 51, 37, 53, 0, 0, 0, 0, 0, 16, 16, 8, 8, 8]}
{'dh': 2, 'crit': 0, 'det': 5, 'sks': 2}
{'dh': 0, 'crit': 0, 'det': 3, 'sks': 3}

1642.091
{'attr': 1128, 'vital': 1068, 'dh': 888, 'crit': 665, 'det': 769, 'sks': 572, 'tncpt': 364, 'Elemental': 4342, 'haste': 12}
weapon : {'BRD': [112, 111, 114, 78, 114, 0, 0, 348, 0]}
head : {'시력': [65, 65, 0, 0, 0, 0, 0, 0, 3, 0, 0, 0, 0, 0]}
body : {'기린': [108, 107, 77, 110, 0, 0, 0, 131, 3, 16, 16, 16, 16, 16]}
hands : {'+2': [68, 67, 69, 60, 0, 0, 0, 87, 0, 0, 0, 0, 0, 0]}
legs : {'+2': [108, 107, 110, 0, 95, 0, 0, 131, 0, 0, 0, 0, 0, 0]}
feet : {'+2': [68, 67, 69, 0, 0, 60, 0, 87, 0, 0, 0, 0, 0, 0]}
earrings : {'캐시': [54, 44, 0, 0, 0, 0, 0, 0, 3, 0, 0, 0, 0, 0]}
necklace : {'의시': [54, 53, 0, 0, 55, 55, 0, 0, 0, 0, 0, 0, 0, 0]}
bracelets : {'제왕비취': [51, 51, 0, 0, 53, 37, 0, 0, 0, 16, 16, 8, 8, 8]}
ring1 : {'전격': [54, 53, 0, 0, 0, 0, 0, 0, 3, 0, 0, 0, 0, 0]}
ring2 : {'제왕비취': [51, 51, 37, 53, 0, 0, 0, 0, 0, 16, 16, 8, 8, 8]}
{'dh': 3, 'crit': 0, 'det': 4, 'sks': 2}
{'dh': 0, 'crit': 0, 'det': 3, 'sks': 3}

1674.053
{'attr': 1128, 'vital': 1186, 'dh': 895, 'crit': 665, 'det': 769, 'sks': 697, 'tncpt': 364, 'Elemental': 4342, 'haste': 12}
weapon : {'BRD': [112, 111, 114, 78, 114, 0, 0, 348, 0]}
head : {'시력': [65, 65, 0, 0, 0, 0, 0, 0, 3, 0, 0, 0, 0, 0]}
body : {'기린': [108, 107, 77, 110, 0, 0, 0, 131, 3, 16, 16, 16, 16, 16]}
hands : {'+2': [68, 67, 69, 60, 0, 0, 0, 87, 0, 0, 0, 0, 0, 0]}
legs : {'+2': [108, 107, 110, 0, 95, 0, 0, 131, 0, 0, 0, 0, 0, 0]}
feet : {'+2': [68, 67, 69, 0, 0, 60, 0, 87, 0, 0, 0, 0, 0, 0]}
earrings : {'캐시': [54, 44, 0, 0, 0, 0, 0, 0, 3, 0, 0, 0, 0, 0]}
necklace : {'의시': [54, 53, 0, 0, 55, 55, 0, 0, 0, 0, 0, 0, 0, 0]}
bracelets : {'제왕비취': [51, 51, 0, 0, 53, 37, 0, 0, 0, 16, 16, 8, 8, 8]}
ring1 : {'전격': [54, 53, 0, 0, 0, 0, 0, 0, 3, 0, 0, 0, 0, 0]}
ring2 : {'제왕비취': [51, 51, 37, 53, 0, 0, 0, 0, 0, 16, 16, 8, 8, 8]}
food : {'멜론 주스': [0, 118, 55, 0, 0, 77, 0, 0, 0, 0, 0, 0, 0, 0]}
{'dh': 0, 'crit': 0, 'det': 4, 'sks': 5}
{'dh': 0, 'crit': 0, 'det': 3, 'sks': 3}