1616.541
{'attr': 1128, 'vital': 1082, 'dh': 857, 'crit': 587, 'det': 814, 'sks': 752, 'tncpt': 364, 'Elemental': 4342, 'haste': 9}
weapon : {'SAM': [112, 111, 108, 60, 84, 60, 0, 348, 0]}
head : {'시력': [65, 65, 0, 0, 0, 0, 0, 0, 3, 0, 0, 0, 0, 0]}
body : {'기린': [108, 107, 77, 110, 0, 0, 0, 131, 3, 16, 16, 16, 16, 16]}
hands : {'+2': [68, 67, 0, 0, 69, 60, 0, 87, 0, 0, 0, 0, 0, 0]}
legs : {'+2': [108, 107, 0, 0, 110, 95, 0, 131, 0, 0, 0, 0, 0, 0]}
feet : {'+2': [68, 67, 60, 0, 0, 69, 0, 87, 0, 0, 0, 0, 0, 0]}
earrings : {'캐시': [54, 44, 0, 0, 0, 0, 0, 0, 3, 0, 0, 0, 0, 0]}
necklace : {'직의': [54, 53, 55, 0, 55, 0, 0, 0, 0, 0, 0, 0, 0, 0]}
bracelets : {'제왕비취': [51, 51, 53, 0, 37, 0, 0, 0, 0, 16, 16, 8, 8, 8]}
ring1 : {'직의': [54, 53, 55, 0, 55, 0, 0, 0, 0, 0, 0, 0, 0, 0]}
ring2 : {'제왕비취': [51, 51, 37, 53, 0, 0, 0, 0, 0, 16, 16, 8, 8, 8]}
{'dh': 3, 'crit': 0, 'det': 1, 'sks': 5}
{'dh': 0, 'crit': 0, 'det': 3, 'sks': 3}

1646.091
{'attr': 1128, 'vital': 1082, 'dh': 786, 'crit': 587, 'det': 823, 'sks': 704, 'tncpt': 364, 'Elemental': 4342, 'haste': 12}
weapon : {'SAM': [112, 111, 108, 60, 84, 60, 0, 348, 0]}
head : {'시력': [65, 65, 0, 0, 0, 0, 0, 0, 3, 0, 0, 0, 0, 0]}
body : {'기린': [108, 107, 77, 110, 0, 0, 0, 131, 3, 16, 16, 16, 16, 16]}
hands : {'+2': [68, 67, 0, 0, 69, 60, 0, 87, 0, 0, 0, 0, 0, 0]}
legs : {'+2': [108, 107, 0, 0, 110, 95, 0, 131, 0, 0, 0, 0, 0, 0]}
feet : {'+2': [68, 67, 60, 0, 0, 69, 0, 87, 0, 0, 0, 0, 0, 0]}
earrings : {'캐시': [54, 44, 0, 0, 0, 0, 0, 0, 3, 0, 0, 0, 0, 0]}
necklace : {'직의': [54, 53, 55, 0, 55, 0, 0, 0, 0, 0, 0, 0, 0, 0]}
bracelets : {'제왕비취': [51, 51, 53, 0, 37, 0, 0, 0, 0, 16, 16, 8, 8, 8]}
ring1 : {'전격': [54, 53, 0, 0, 0, 0, 0, 0, 3, 0, 0, 0, 0, 0]}
ring2 : {'제왕비취': [51, 51, 37, 53, 0, 0, 0, 0, 0, 16, 16, 8, 8, 8]}
{'dh': 2, 'crit': 0, 'det': 5, 'sks': 2}
{'dh': 0, 'crit': 0, 'det': 3, 'sks': 3}

1625.516
weapon    : {'SAM': [112, 111, 108, 60, 84, 60, 0, 348, 0]}
head      : {'+2': [68, 67, 60, 0, 69, 0, 0, 87, 0, 0, 0, 0, 0, 0]}
body      : {'기린': [108, 107, 77, 110, 0, 0, 0, 131, 3, 16, 16, 16, 16, 16]}
hands     : {'+2': [68, 67, 0, 0, 69, 60, 0, 87, 0, 0, 0, 0, 0, 0]}
legs      : {'+2': [108, 107, 0, 0, 110, 95, 0, 131, 0, 0, 0, 0, 0, 0]}
feet      : {'+2': [68, 67, 60, 0, 0, 69, 0, 87, 0, 0, 0, 0, 0, 0]}
earrings  : {'캐시': [54, 44, 0, 0, 0, 0, 0, 0, 3, 0, 0, 0, 0, 0]}
necklace  : {'직의': [54, 53, 55, 0, 55, 0, 0, 0, 0, 0, 0, 0, 0, 0]}
bracelets : {'제왕비취': [51, 51, 53, 0, 37, 0, 0, 0, 0, 16, 16, 8, 8, 8]}
ring1     : {'전격': [54, 53, 0, 0, 0, 0, 0, 0, 3, 0, 0, 0, 0, 0]}
ring2     : {'제왕비취': [51, 51, 37, 53, 0, 0, 0, 0, 0, 16, 16, 8, 8, 8]}
{'attr': 1131, 'vital': 1084, 'dh': 846, 'crit': 587, 'det': 892, 'sks': 704, 'tncpt': 364, 'Elemental': 4429, 'haste': 9}
{'dh': 2, 'crit': 0, 'det': 5, 'sks': 2}
{'dh': 0, 'crit': 0, 'det': 3, 'sks': 3}

1656.126
weapon    : {'SAM': [112, 111, 108, 60, 84, 60, 0, 348, 0]}
head      : {'+2': [68, 67, 60, 0, 69, 0, 0, 87, 0, 0, 0, 0, 0, 0]}
body      : {'기린': [108, 107, 77, 110, 0, 0, 0, 131, 3, 16, 16, 16, 16, 16]}
hands     : {'+2': [68, 67, 0, 0, 69, 60, 0, 87, 0, 0, 0, 0, 0, 0]}
legs      : {'+2': [108, 107, 0, 0, 110, 95, 0, 131, 0, 0, 0, 0, 0, 0]}
feet      : {'+2': [68, 67, 60, 0, 0, 69, 0, 87, 0, 0, 0, 0, 0, 0]}
earrings  : {'캐시': [54, 44, 0, 0, 0, 0, 0, 0, 3, 0, 0, 0, 0, 0]}
necklace  : {'직의': [54, 53, 55, 0, 55, 0, 0, 0, 0, 0, 0, 0, 0, 0]}
bracelets : {'제왕비취': [51, 51, 53, 0, 37, 0, 0, 0, 0, 16, 16, 8, 8, 8]}
ring1     : {'전격': [54, 53, 0, 0, 0, 0, 0, 0, 3, 0, 0, 0, 0, 0]}
ring2     : {'제왕비취': [51, 51, 37, 53, 0, 0, 0, 0, 0, 16, 16, 8, 8, 8]}
food      : {'멜론 파이': [0, 118, 77, 0, 55, 0, 0, 0, 0, 0, 0, 0, 0, 0]}
{'attr': 1131, 'vital': 1202, 'dh': 939, 'crit': 587, 'det': 931, 'sks': 704, 'tncpt': 364, 'Elemental': 4429, 'haste': 9}
{'dh': 3, 'crit': 0, 'det': 4, 'sks': 2}
{'dh': 0, 'crit': 0, 'det': 3, 'sks': 3}