1589.597
{'attr': 1132, 'vital': 1018, 'dh': 796, 'crit': 936, 'det': 808, 'sks': 551, 'tncpt': 364, 'Elemental': 4429, 'haste': 6}
weapon : {'SMN': [112, 111, 54, 114, 72, 36, 0, 348, 0]}
head : {}
body : {'주홍': [177, 157, 179, 125, 0, 0, 0, 218, 3, 16, 16, 16, 16, 16]}
hands : {'+2': [68, 60, 60, 69, 0, 0, 0, 87, 0, 0, 0, 0, 0, 0]}
legs : {'+2': [108, 96, 0, 0, 110, 95, 0, 131, 0, 0, 0, 0, 0, 0]}
feet : {'+2': [68, 60, 60, 0, 69, 0, 0, 87, 0, 0, 0, 0, 0, 0]}
earrings : {'캐시': [54, 44, 0, 0, 0, 0, 0, 0, 3, 0, 0, 0, 0, 0]}
necklace : {'직극': [54, 53, 55, 55, 0, 0, 0, 0, 0, 0, 0, 0, 0, 0]}
bracelets : {'극의': [54, 53, 0, 55, 55, 0, 0, 0, 0, 0, 0, 0, 0, 0]}
ring1 : {'제왕비취': [51, 46, 0, 53, 37, 0, 0, 0, 0, 16, 16, 8, 8, 8]}
ring2 : {'제왕비취': [51, 46, 0, 53, 37, 0, 0, 0, 0, 16, 16, 8, 8, 8]}
{'dh': 0, 'crit': 3, 'det': 4, 'sks': 2}
{'dh': 3, 'crit': 0, 'det': 0, 'sks': 3}

1613.925
{'attr': 1132, 'vital': 1018, 'dh': 849, 'crit': 757, 'det': 803, 'sks': 572, 'tncpt': 364, 'Elemental': 4429, 'haste': 9}
weapon : {'SMN': [112, 111, 54, 114, 72, 36, 0, 348, 0]}
head : {}
body : {'주홍': [177, 157, 179, 125, 0, 0, 0, 218, 3, 16, 16, 16, 16, 16]}
hands : {'+2': [68, 60, 60, 69, 0, 0, 0, 87, 0, 0, 0, 0, 0, 0]}
legs : {'+2': [108, 96, 0, 0, 110, 95, 0, 131, 0, 0, 0, 0, 0, 0]}
feet : {'+2': [68, 60, 60, 0, 69, 0, 0, 87, 0, 0, 0, 0, 0, 0]}
earrings : {'캐시': [54, 44, 0, 0, 0, 0, 0, 0, 3, 0, 0, 0, 0, 0]}
necklace : {'직의': [54, 53, 55, 0, 55, 0, 0, 0, 0, 0, 0, 0, 0, 0]}
bracelets : {'제왕비취': [51, 46, 53, 0, 0, 37, 0, 0, 0, 16, 16, 8, 8, 8]}
ring1 : {'전격': [54, 53, 0, 0, 0, 0, 0, 0, 3, 0, 0, 0, 0, 0]}
ring2 : {'제왕비취': [51, 46, 0, 53, 37, 0, 0, 0, 0, 16, 16, 8, 8, 8]}
{'dh': 0, 'crit': 2, 'det': 6, 'sks': 1}
{'dh': 3, 'crit': 0, 'det': 0, 'sks': 3}

1620.637
weapon    : {'SMN': [112, 111, 54, 114, 72, 36, 0, 348, 0]}
head      : {}
body      : {'주홍': [177, 157, 179, 125, 0, 0, 0, 218, 3, 16, 16, 16, 16, 16]}
hands     : {'+2': [68, 60, 60, 69, 0, 0, 0, 87, 0, 0, 0, 0, 0, 0]}
legs      : {'+2': [108, 96, 0, 0, 110, 95, 0, 131, 0, 0, 0, 0, 0, 0]}
feet      : {'+2': [68, 60, 60, 0, 69, 0, 0, 87, 0, 0, 0, 0, 0, 0]}
earrings  : {'캐시': [54, 44, 0, 0, 0, 0, 0, 0, 3, 0, 0, 0, 0, 0]}
necklace  : {'직극': [54, 53, 55, 55, 0, 0, 0, 0, 0, 0, 0, 0, 0, 0]}
bracelets : {'극의': [54, 53, 0, 55, 55, 0, 0, 0, 0, 0, 0, 0, 0, 0]}
ring1     : {'제왕비취': [51, 46, 0, 53, 37, 0, 0, 0, 0, 16, 16, 8, 8, 8]}
ring2     : {'제왕비취': [51, 46, 0, 53, 37, 0, 0, 0, 0, 16, 16, 8, 8, 8]}
food      : {'푸딩': [0, 118, 0, 55, 77, 0, 0, 0, 0, 0, 0, 0, 0, 0]}
{'attr': 1132, 'vital': 1136, 'dh': 796, 'crit': 991, 'det': 885, 'sks': 551, 'tncpt': 364, 'Elemental': 4429, 'haste': 6}
{'dh': 0, 'crit': 3, 'det': 4, 'sks': 2}
{'dh': 3, 'crit': 0, 'det': 0, 'sks': 3}

1645.611
{'attr': 1132, 'vital': 1136, 'dh': 778, 'crit': 936, 'det': 848, 'sks': 551, 'tncpt': 364, 'Elemental': 4429, 'haste': 9}
weapon : {'SMN': [112, 111, 54, 114, 72, 36, 0, 348, 0]}
head : {}
body : {'주홍': [177, 157, 179, 125, 0, 0, 0, 218, 3, 16, 16, 16, 16, 16]}
hands : {'+2': [68, 60, 60, 69, 0, 0, 0, 87, 0, 0, 0, 0, 0, 0]}
legs : {'+2': [108, 96, 0, 0, 110, 95, 0, 131, 0, 0, 0, 0, 0, 0]}
feet : {'+2': [68, 60, 60, 0, 69, 0, 0, 87, 0, 0, 0, 0, 0, 0]}
earrings : {'캐시': [54, 44, 0, 0, 0, 0, 0, 0, 3, 0, 0, 0, 0, 0]}
necklace : {'제왕비취': [51, 46, 37, 53, 0, 0, 0, 0, 0, 16, 16, 8, 8, 8]}
bracelets : {'극의': [54, 53, 0, 55, 55, 0, 0, 0, 0, 0, 0, 0, 0, 0]}
ring1 : {'전격': [54, 53, 0, 0, 0, 0, 0, 0, 3, 0, 0, 0, 0, 0]}
ring2 : {'제왕비취': [51, 46, 0, 53, 37, 0, 0, 0, 0, 16, 16, 8, 8, 8]}
food : {'푸딩': [0, 118, 0, 55, 77, 0, 0, 0, 0, 0, 0, 0, 0, 0]}
{'dh': 0, 'crit': 3, 'det': 4, 'sks': 2}
{'dh': 3, 'crit': 0, 'det': 0, 'sks': 3}