weapon    : {'WAR': [112, 111, None, 80, 80, 80, 80, 348, 0]}
head      : {'+2': [68, 67, 0, 0, 0, 69, 60, 87, 3, 0, 0, 0, 0, 0]}
body      : {'기린': [108, 107, 0, 110, 77, 0, 0, 131, 3, 16, 16, 16, 16, 16]}
hands     : {'+2': [68, 67, 0, 0, 69, 60, 0, 87, 0, 0, 0, 0, 0, 0]}
legs      : {'+2': [108, 107, 0, 0, 0, 110, 95, 131, 0, 0, 0, 0, 0, 0]}
feet      : {'+2': [68, 67, 0, 60, 0, 0, 67, 87, 0, 0, 0, 0, 0, 0]}
earrings  : {'캐시': [54, 44, 0, 0, 0, 0, 0, 0, 3, 0, 0, 0, 0, 0]}
necklace  : {'직의': [54, 53, 55, 0, 55, 0, 0, 0, 0, 0, 0, 0, 0, 0]}
bracelets : {'제왕비취': [51, 51, 0, 37, 0, 53, 0, 0, 0, 16, 16, 8, 8, 8]}
ring1     : {'전격': [54, 53, 0, 0, 0, 0, 0, 0, 3, 0, 0, 0, 0, 0]}
ring2     : {'제왕비취': [51, 51, 0, 53, 37, 0, 0, 0, 0, 16, 16, 8, 8, 8]}
food      : {'멜론 파이': [0, 118, 82, 0, 58, 0, 0, 0, 0, 0, 0, 0, 0, 0]}
{'attr': 1102, 'vital': 1217, 'dh': 589, 'crit': 704, 'det': 772, 'sks': 808, 'tncpt': 666, 'Elemental': 4429, 'haste': 12}
{'dh': 4, 'crit': 0, 'det': 2, 'sks': 3}
{'dh': 3, 'crit': 0, 'det': 0, 'sks': 3}

1619.936
weapon    : {'PLD': [112, 111, None, 44, 114, 20, 94, 348, 0]}
head      : {'+2': [68, 67, 0, 0, 0, 69, 60, 87, 3, 0, 0, 0, 0, 0]}
body      : {'기린': [108, 107, 0, 110, 77, 0, 0, 131, 3, 16, 16, 16, 16, 16]}
hands     : {'+2': [68, 67, 0, 0, 69, 60, 0, 87, 0, 0, 0, 0, 0, 0]}
legs      : {'+2': [108, 107, 0, 0, 0, 110, 95, 131, 0, 0, 0, 0, 0, 0]}
feet      : {'+2': [68, 67, 0, 60, 0, 0, 67, 87, 0, 0, 0, 0, 0, 0]}
earrings  : {'캐시': [54, 44, 0, 0, 0, 0, 0, 0, 3, 0, 0, 0, 0, 0]}
necklace  : {'직의': [54, 53, 55, 0, 55, 0, 0, 0, 0, 0, 0, 0, 0, 0]}
bracelets : {'제왕비취': [51, 51, 0, 37, 0, 53, 0, 0, 0, 16, 16, 8, 8, 8]}
ring1     : {'전격': [54, 53, 0, 0, 0, 0, 0, 0, 3, 0, 0, 0, 0, 0]}
ring2     : {'제왕비취': [51, 51, 0, 53, 37, 0, 0, 0, 0, 16, 16, 8, 8, 8]}
food      : {'멜론 파이': [0, 118, 82, 0, 58, 0, 0, 0, 0, 0, 0, 0, 0, 0]}
{'attr': 1088, 'vital': 1217, 'dh': 589, 'crit': 668, 'det': 822, 'sks': 732, 'tncpt': 680, 'Elemental': 4429, 'haste': 12}
{'dh': 4, 'crit': 0, 'det': 3, 'sks': 2}
{'dh': 3, 'crit': 0, 'det': 0, 'sks': 3}